app/build/intermediates/manifest_merge_blame_file/release/manifest-merger-blame-release-report.txt
1<?xml version="1.0" encoding="utf-8"?>
2<manifest xmlns:android="http://schemas.android.com/apk/res/android"
3    package="me.blankm.idcardcamera"
4    android:versionCode="1"
5    android:versionName="1.0" >
6
7    <uses-sdk
8        android:minSdkVersion="21"
8-->src/main/AndroidManifest.xml
9        android:targetSdkVersion="29" />
9-->src/main/AndroidManifest.xml
10
11    <uses-permission android:name="android.permission.INTERNET" />
11-->src/main/AndroidManifest.xml:4:5-67
11-->src/main/AndroidManifest.xml:4:22-64
12    <uses-permission android:name="android.permission.READ_EXTERNAL_STORAGE" />
12-->src/main/AndroidManifest.xml:5:5-80
12-->src/main/AndroidManifest.xml:5:22-77
13    <uses-permission android:name="android.permission.WRITE_EXTERNAL_STORAGE" />
13-->src/main/AndroidManifest.xml:6:5-81
13-->src/main/AndroidManifest.xml:6:22-78
14
15    <!-- Declare features -->
16    <uses-feature
16-->[io.github.blankyn:idcard_lib:1.0.7] AndroidManifest.xml:15:5-17:35
17        android:name="android.hardware.camera"
17-->[io.github.blankyn:idcard_lib:1.0.7] AndroidManifest.xml:16:9-47
18        android:required="true" /> <!-- Declare permissions -->
18-->[io.github.blankyn:idcard_lib:1.0.7] AndroidManifest.xml:17:9-32
19    <uses-permission android:name="android.permission.CAMERA" />
19-->[io.github.blankyn:idcard_lib:1.0.7] AndroidManifest.xml:20:5-65
19-->[io.github.blankyn:idcard_lib:1.0.7] AndroidManifest.xml:20:22-62
20    <uses-permission android:name="android.permission.FLASHLIGHT" />
20-->[io.github.blankyn:idcard_lib:1.0.7] AndroidManifest.xml:21:5-69
20-->[io.github.blankyn:idcard_lib:1.0.7] AndroidManifest.xml:21:22-66
21
22    <uses-feature
22-->[io.github.blankyn:idcard_lib:1.0.7] AndroidManifest.xml:25:5-27:35
23        android:name="android.hardware.camera.autofocus"
23-->[io.github.blankyn:idcard_lib:1.0.7] AndroidManifest.xml:26:9-57
24        android:required="true" />
24-->[io.github.blankyn:idcard_lib:1.0.7] AndroidManifest.xml:27:9-32
25
26    <queries>
26-->[androidx.camera:camera-extensions:1.1.0-beta01] AndroidManifest.xml:24:5-28:15
27        <intent>
27-->[androidx.camera:camera-extensions:1.1.0-beta01] AndroidManifest.xml:25:9-27:18
28            <action android:name="androidx.camera.extensions.action.VENDOR_ACTION" />
28-->[androidx.camera:camera-extensions:1.1.0-beta01] AndroidManifest.xml:26:13-86
28-->[androidx.camera:camera-extensions:1.1.0-beta01] AndroidManifest.xml:26:21-83
29        </intent>
30    </queries>
31
32    <application
32-->src/main/AndroidManifest.xml:8:5-26:19
33        android:name="me.blankm.idcardcamera.MainApplication"
33-->src/main/AndroidManifest.xml:9:9-40
34        android:allowBackup="true"
34-->src/main/AndroidManifest.xml:10:9-35
35        android:appComponentFactory="androidx.core.app.CoreComponentFactory"
35-->[androidx.core:core:1.5.0] AndroidManifest.xml:24:18-86
36        android:icon="@mipmap/ic_launcher"
36-->src/main/AndroidManifest.xml:11:9-43
37        android:label="@string/app_name"
37-->src/main/AndroidManifest.xml:12:9-41
38        android:requestLegacyExternalStorage="true"
38-->src/main/AndroidManifest.xml:13:9-52
39        android:roundIcon="@mipmap/ic_launcher_round"
39-->src/main/AndroidManifest.xml:14:9-54
40        android:supportsRtl="true"
40-->src/main/AndroidManifest.xml:15:9-35
41        android:theme="@style/AppTheme" >
41-->src/main/AndroidManifest.xml:16:9-40
42        <activity android:name="me.blankm.idcardcamera.MainActivity" >
42-->src/main/AndroidManifest.xml:18:9-24:20
42-->src/main/AndroidManifest.xml:18:19-69
43            <intent-filter>
43-->src/main/AndroidManifest.xml:19:13-23:29
44                <action android:name="android.intent.action.MAIN" />
44-->src/main/AndroidManifest.xml:20:17-69
44-->src/main/AndroidManifest.xml:20:25-66
45
46                <category android:name="android.intent.category.LAUNCHER" />
46-->src/main/AndroidManifest.xml:22:17-77
46-->src/main/AndroidManifest.xml:22:27-74
47            </intent-filter>
48        </activity>
49        <activity
49-->[io.github.blankyn:idcard_lib:1.0.7] AndroidManifest.xml:30:9-43:20
50            android:name="me.blankm.idcardlib.camera.CameraXActivity"
50-->[io.github.blankyn:idcard_lib:1.0.7] AndroidManifest.xml:31:13-70
51            android:configChanges="keyboardHidden|orientation|screenSize"
51-->[io.github.blankyn:idcard_lib:1.0.7] AndroidManifest.xml:32:13-74
52            android:hardwareAccelerated="true"
52-->[io.github.blankyn:idcard_lib:1.0.7] AndroidManifest.xml:33:13-47
53            android:resizeableActivity="true"
53-->[io.github.blankyn:idcard_lib:1.0.7] AndroidManifest.xml:34:13-46
54            android:rotationAnimation="seamless"
54-->[io.github.blankyn:idcard_lib:1.0.7] AndroidManifest.xml:35:13-49
55            android:screenOrientation="portrait"
55-->[io.github.blankyn:idcard_lib:1.0.7] AndroidManifest.xml:36:13-49
56            android:theme="@style/IdCard_AppTheme" >
56-->[io.github.blankyn:idcard_lib:1.0.7] AndroidManifest.xml:37:13-51
57
58            <!-- Declare notch support  刘海屏 -->
59            <!-- <meta-data -->
60            <!-- android:name="android.notch_support" -->
61            <!-- android:value="true" /> -->
62        </activity>
63        <activity
63-->[io.github.blankyn:idcard_lib:1.0.7] AndroidManifest.xml:44:9-48:66
64            android:name="me.blankm.idcardlib.camera.CameraActivity"
64-->[io.github.blankyn:idcard_lib:1.0.7] AndroidManifest.xml:45:13-69
65            android:configChanges="keyboardHidden|orientation|screenSize"
65-->[io.github.blankyn:idcard_lib:1.0.7] AndroidManifest.xml:46:13-74
66            android:screenOrientation="portrait"
66-->[io.github.blankyn:idcard_lib:1.0.7] AndroidManifest.xml:47:13-49
67            android:theme="@style/Theme.AppCompat.NoActionBar" />
67-->[io.github.blankyn:idcard_lib:1.0.7] AndroidManifest.xml:48:13-63
68
69        <uses-library
69-->[androidx.camera:camera-extensions:1.1.0-beta01] AndroidManifest.xml:31:9-33:40
70            android:name="androidx.camera.extensions.impl"
70-->[androidx.camera:camera-extensions:1.1.0-beta01] AndroidManifest.xml:32:13-59
71            android:required="false" />
71-->[androidx.camera:camera-extensions:1.1.0-beta01] AndroidManifest.xml:33:13-37
72
73        <service
73-->[androidx.camera:camera-camera2:1.1.0-beta01] AndroidManifest.xml:26:9-35:19
74            android:name="androidx.camera.core.impl.MetadataHolderService"
74-->[androidx.camera:camera-camera2:1.1.0-beta01] AndroidManifest.xml:27:13-75
75            android:enabled="false"
75-->[androidx.camera:camera-camera2:1.1.0-beta01] AndroidManifest.xml:28:13-36
76            android:exported="false" >
76-->[androidx.camera:camera-camera2:1.1.0-beta01] AndroidManifest.xml:29:13-37
77            <meta-data
77-->[androidx.camera:camera-camera2:1.1.0-beta01] AndroidManifest.xml:32:13-34:89
78                android:name="androidx.camera.core.impl.MetadataHolderService.DEFAULT_CONFIG_PROVIDER"
78-->[androidx.camera:camera-camera2:1.1.0-beta01] AndroidManifest.xml:33:17-103
79                android:value="androidx.camera.camera2.Camera2Config$DefaultProvider" />
79-->[androidx.camera:camera-camera2:1.1.0-beta01] AndroidManifest.xml:34:17-86
80        </service>
81    </application>
82
83</manifest>